<?xml version="1.0" encoding="UTF-8"?>
<testsuite name="Login Zapatoca - Mi Aguila" tests="1" skipped="0" failures="0" errors="0" timestamp="2022-07-18T22:39:23" hostname="DESKTOP-RB2KKHC" time="47.605">
  <properties/>
  <testcase name="Ingreso exitoso al portal zapatoca mi aguila" classname="Login Zapatoca - Mi Aguila" time="47.605"/>
  <system-out><![CDATA[]]></system-out>
  <system-err><![CDATA[[Test worker] INFO io.cucumber.core.plugin.SerenityReporter - Running feature from file:///C:/Users/Hervin/workspace/webzapatocamiaguila/src/test/resources/features/Login.feature
[Test worker] INFO  - 
  _____   ___   ___   _____     ___   _____     _     ___   _____   ___   ___  
 |_   _| | __| / __| |_   _|   / __| |_   _|   /_\   | _ \ |_   _| | __| |   \ 
   | |   | _|  \__ \   | |     \__ \   | |    / _ \  |   /   | |   | _|  | |) |
   |_|   |___| |___/   |_|     |___/   |_|   /_/ \_\ |_|_\   |_|   |___| |___/ 

Ingreso exitoso al portal zapatoca mi aguila(login-zapatoca---mi-aguila;ingreso-exitoso-al-portal-zapatoca-mi-aguila)
--------------------------------------------------------------------------------
[Test worker] INFO net.serenitybdd.core.webdriver.driverproviders.ChromeDriverProvider - Using automatically driver download
[Test worker] INFO io.github.bonigarcia.wdm.WebDriverManager - Using chromedriver 103.0.5060.53 (resolved driver for Chrome 103)
[Test worker] INFO io.github.bonigarcia.wdm.WebDriverManager - Exporting webdriver.chrome.driver as C:\Users\Hervin\.cache\selenium\chromedriver\win32\103.0.5060.53\chromedriver.exe
Starting ChromeDriver 103.0.5060.53 (a1711811edd74ff1cf2150f36ffa3b0dae40b17f-refs/branch-heads/5060@{#853}) on port 65115
Only local connections are allowed.
Please see https://chromedriver.chromium.org/security-considerations for suggestions on keeping ChromeDriver safe.
ChromeDriver was started successfully.
jul. 18, 2022 5:39:34 P. M. org.openqa.selenium.remote.ProtocolHandshake createSession
INFORMACIÓN: Detected dialect: W3C
jul. 18, 2022 5:39:34 P. M. org.openqa.selenium.devtools.CdpVersionFinder findNearestMatch
ADVERTENCIA: Unable to find an exact match for CDP version 103, so returning the closest version found: 101
jul. 18, 2022 5:39:34 P. M. org.openqa.selenium.devtools.CdpVersionFinder findNearestMatch
INFORMACIÓN: Found CDP implementation for version 103 of 101
[Test worker] INFO  - 
  _____   ___   ___   _____     ___     _     ___   ___   ___   ___  
 |_   _| | __| / __| |_   _|   | _ \   /_\   / __| / __| | __| |   \ 
   | |   | _|  \__ \   | |     |  _/  / _ \  \__ \ \__ \ | _|  | |) |
   |_|   |___| |___/   |_|     |_|   /_/ \_\ |___/ |___/ |___| |___/ 

Ingreso exitoso al portal zapatoca mi aguila
----------------------------------------------------------------------
]]></system-err>
</testsuite>
